2018-07-14 11:22:19
start -- Server.cc:41
2018-07-14 11:22:37
accept fd=9 -- Server.cc:22
2018-07-14 11:22:37
accept fd=10 -- Server.cc:22
2018-07-14 11:24:07
start -- Server.cc:41
2018-07-14 11:24:11
accept fd=9 -- Server.cc:22
2018-07-14 11:24:11
accept fd=10 -- Server.cc:22
2018-07-14 11:24:13
no file -- Http_conn.cc:57
2018-07-14 11:24:13
parse error -- Http_conn.cc:90
2018-07-14 11:24:15
delete fd=9 -- Reactor/Channel.cc:37
2018-07-14 11:24:16
accept fd=9 -- Server.cc:22
2018-07-14 11:24:38
delete fd=10 -- Reactor/Channel.cc:37
